<?xml version="1.0" encoding="UTF-8"?>
<!-- Generated by org.testng.reporters.JUnitReportReporter -->
<testsuite hostname="QSP" failures="0" tests="4" name="testng.Test2" time="0.047" errors="0" timestamp="2022-04-12T07:16:29 IST" skipped="1">
  <testcase classname="testng.Test2" name="chats" time="0.011"/>
  <testcase classname="testng.Test2" name="chats" time="0.010"/>
  <testcase classname="testng.Test2" name="chats" time="0.026"/>
  <testcase classname="testng.Test2" name="calls">
    <skipped/>
  </testcase> <!-- calls -->
</testsuite> <!-- testng.Test2 -->
