<?xml version="1.0" encoding="UTF-8"?>
<!-- Generated by org.testng.reporters.JUnitReportReporter -->
<testsuite hostname="QSP" failures="0" tests="1" name="testng.Testcase3" time="19.122" errors="0" timestamp="2022-04-13T07:11:19 IST" skipped="0">
  <testcase classname="testng.Testcase3" name="tc3" time="19.122"/>
</testsuite> <!-- testng.Testcase3 -->
