<?xml version="1.0" encoding="UTF-8"?>
<!-- Generated by org.testng.reporters.JUnitReportReporter -->
<testsuite hostname="QSP" failures="0" tests="3" name="testng.Test1" time="0.033" errors="0" timestamp="2022-04-12T07:14:09 IST" skipped="0">
  <testcase classname="testng.Test1" name="chats" time="0.024"/>
  <testcase classname="testng.Test1" name="status" time="0.005"/>
  <testcase classname="testng.Test1" name="calls" time="0.004"/>
</testsuite> <!-- testng.Test1 -->
