<?xml version="1.0" encoding="UTF-8"?>
<!-- Generated by org.testng.reporters.JUnitReportReporter -->
<testsuite hostname="QSP" failures="0" tests="1" name="testng.Test0" time="0.021" errors="0" timestamp="2022-04-12T07:08:24 IST" skipped="0">
  <testcase classname="testng.Test0" name="tc1" time="0.021"/>
</testsuite> <!-- testng.Test0 -->
